<?xml version="1.0" encoding="UTF-8"?>
<testng-results ignored="0" total="1" passed="1" failed="0" skipped="0">
  <reporter-output>
  </reporter-output>
  <suite started-at="2022-10-22T18:38:43 IST" name="Default suite" finished-at="2022-10-22T18:39:47 IST" duration-ms="64213">
    <groups>
    </groups>
    <test started-at="2022-10-22T18:38:43 IST" name="Default test" finished-at="2022-10-22T18:39:47 IST" duration-ms="64213">
      <class name="seleniumpracticing.SeleniumAuto">
        <test-method signature="login()[pri:0, instance:seleniumpracticing.SeleniumAuto@6babf3bf]" started-at="2022-10-22T18:38:43 IST" name="login" finished-at="2022-10-22T18:39:47 IST" duration-ms="64169" status="PASS">
          <reporter-output>
          </reporter-output>
        </test-method> <!-- login -->
      </class> <!-- seleniumpracticing.SeleniumAuto -->
    </test> <!-- Default test -->
  </suite> <!-- Default suite -->
</testng-results>
